<?xml version="1.0" encoding="UTF-8"?>
<testng-results skipped="0" failed="0" total="2" passed="2">
  <reporter-output>
  </reporter-output>
  <suite name="Suite" duration-ms="28572" started-at="2020-06-24T14:41:12Z" finished-at="2020-06-24T14:41:41Z">
    <groups>
    </groups>
    <test name="Test" duration-ms="28572" started-at="2020-06-24T14:41:12Z" finished-at="2020-06-24T14:41:41Z">
      <class name="testCases.ValidateTitle">
        <test-method status="PASS" signature="basePageNavigation()[pri:0, instance:testCases.ValidateTitle@3fb1549b]" name="basePageNavigation" duration-ms="304" started-at="2020-06-24T10:41:28Z" finished-at="2020-06-24T10:41:29Z">
          <reporter-output>
          </reporter-output>
        </test-method> <!-- basePageNavigation -->
      </class> <!-- testCases.ValidateTitle -->
      <class name="testCases.ValidateSearchResult">
        <test-method status="PASS" signature="initialize()[pri:0, instance:testCases.ValidateSearchResult@932bc4a]" name="initialize" is-config="true" duration-ms="10135" started-at="2020-06-24T10:41:12Z" finished-at="2020-06-24T10:41:22Z">
          <reporter-output>
          </reporter-output>
        </test-method> <!-- initialize -->
        <test-method status="PASS" signature="initialize()[pri:0, instance:testCases.ValidateTitle@3fb1549b]" name="initialize" is-config="true" duration-ms="6115" started-at="2020-06-24T10:41:22Z" finished-at="2020-06-24T10:41:28Z">
          <reporter-output>
          </reporter-output>
        </test-method> <!-- initialize -->
        <test-method status="PASS" signature="SearchRestaurants()[pri:0, instance:testCases.ValidateSearchResult@932bc4a]" name="SearchRestaurants" duration-ms="9408" started-at="2020-06-24T10:41:29Z" finished-at="2020-06-24T10:41:38Z">
          <reporter-output>
          </reporter-output>
        </test-method> <!-- SearchRestaurants -->
        <test-method status="PASS" signature="teardown()[pri:0, instance:testCases.ValidateSearchResult@932bc4a]" name="teardown" is-config="true" duration-ms="353" started-at="2020-06-24T10:41:38Z" finished-at="2020-06-24T10:41:38Z">
          <reporter-output>
          </reporter-output>
        </test-method> <!-- teardown -->
        <test-method status="PASS" signature="teardown()[pri:0, instance:testCases.ValidateTitle@3fb1549b]" name="teardown" is-config="true" duration-ms="2222" started-at="2020-06-24T10:41:38Z" finished-at="2020-06-24T10:41:41Z">
          <reporter-output>
          </reporter-output>
        </test-method> <!-- teardown -->
      </class> <!-- testCases.ValidateSearchResult -->
    </test> <!-- Test -->
  </suite> <!-- Suite -->
</testng-results>
