<?xml version="1.0" encoding="UTF-8"?>
<testng-results skipped="0" failed="0" total="2" passed="2">
  <reporter-output>
  </reporter-output>
  <suite name="Suite" duration-ms="29595" started-at="2020-06-24T11:22:45Z" finished-at="2020-06-24T11:23:15Z">
    <groups>
    </groups>
    <test name="Test" duration-ms="29595" started-at="2020-06-24T11:22:45Z" finished-at="2020-06-24T11:23:15Z">
      <class name="testCases.ValidateTitle">
        <test-method status="PASS" signature="basePageNavigation()[pri:0, instance:testCases.ValidateTitle@3fb1549b]" name="basePageNavigation" duration-ms="298" started-at="2020-06-24T07:23:03Z" finished-at="2020-06-24T07:23:04Z">
          <reporter-output>
          </reporter-output>
        </test-method> <!-- basePageNavigation -->
      </class> <!-- testCases.ValidateTitle -->
      <class name="testCases.ValidateSearchResult">
        <test-method status="PASS" signature="initialize()[pri:0, instance:testCases.ValidateSearchResult@932bc4a]" name="initialize" is-config="true" duration-ms="8181" started-at="2020-06-24T07:22:45Z" finished-at="2020-06-24T07:22:54Z">
          <reporter-output>
          </reporter-output>
        </test-method> <!-- initialize -->
        <test-method status="PASS" signature="initialize()[pri:0, instance:testCases.ValidateTitle@3fb1549b]" name="initialize" is-config="true" duration-ms="9721" started-at="2020-06-24T07:22:54Z" finished-at="2020-06-24T07:23:03Z">
          <reporter-output>
          </reporter-output>
        </test-method> <!-- initialize -->
        <test-method status="PASS" signature="SearchRestaurants()[pri:0, instance:testCases.ValidateSearchResult@932bc4a]" name="SearchRestaurants" duration-ms="8719" started-at="2020-06-24T07:23:04Z" finished-at="2020-06-24T07:23:12Z">
          <reporter-output>
          </reporter-output>
        </test-method> <!-- SearchRestaurants -->
        <test-method status="PASS" signature="teardown()[pri:0, instance:testCases.ValidateSearchResult@932bc4a]" name="teardown" is-config="true" duration-ms="147" started-at="2020-06-24T07:23:12Z" finished-at="2020-06-24T07:23:13Z">
          <reporter-output>
          </reporter-output>
        </test-method> <!-- teardown -->
        <test-method status="PASS" signature="teardown()[pri:0, instance:testCases.ValidateTitle@3fb1549b]" name="teardown" is-config="true" duration-ms="2504" started-at="2020-06-24T07:23:13Z" finished-at="2020-06-24T07:23:15Z">
          <reporter-output>
          </reporter-output>
        </test-method> <!-- teardown -->
      </class> <!-- testCases.ValidateSearchResult -->
    </test> <!-- Test -->
  </suite> <!-- Suite -->
</testng-results>
